======> EVENT:0
 run             = 5387
 subrun          = 1
 event           = 45399
 MC              = 0
 reco_beam_type  = 11
 reco_beam_startX = -1
 reco_beam_startY = -1
 reco_beam_startZ = -1
 reco_beam_endX  = -1
 reco_beam_endY  = -1
 reco_beam_endZ  = -1
 reco_beam_len   = -1
 reco_beam_trackDirX = 5.84939e-316
 reco_beam_trackDirY = 5.85024e-316
 reco_beam_trackDirZ = 6.32404e-322
 reco_beam_trackEndDirX = 5.53354e-322
 reco_beam_trackEndDirY = 5.8443e-316
 reco_beam_trackEndDirZ = 3.60729e+227
 reco_beam_vtxX  = -1
 reco_beam_vtxY  = -1
 reco_beam_vtxZ  = -1
 reco_beam_trackID = 0
 reco_beam_dQdX  = (vector<double>*)0x316d1c0
 reco_beam_dEdX  = (vector<double>*)0x36a0970
 reco_beam_calibrated_dEdX = (vector<double>*)0x36a8a70
 reco_beam_resRange = (vector<double>*)0x36b0ba0
 reco_beam_TrkPitch = (vector<double>*)0x36b8cd0
 reco_beam_calo_wire = (vector<double>*)0x36c0e00
 reco_beam_calo_wire_z = (vector<double>*)0x36c8f30
 reco_beam_calo_tick = (vector<double>*)0x36d1060
 reco_beam_hit_true_ID = (vector<int>*)0x36d9350
 reco_beam_hit_true_slice = (vector<int>*)0x36e1b30
 reco_beam_hit_true_origin = (vector<int>*)0x36e9ca0
 reco_beam_nTrackDaughters = -1
 reco_beam_nShowerDaughters = -1
 reco_beam_flipped = 0
 reco_beam_passes_beam_cuts = 0
 reco_beam_PFP_ID = 0
 reco_beam_PFP_nHits = 2438
 reco_beam_PFP_trackScore = 0.0602075
 reco_beam_PFP_emScore = 0.938989
 reco_beam_PFP_michelScore = 0.00379201
 reco_beam_PFP_trackScore_collection = 0.0456596
 reco_beam_PFP_emScore_collection = 0.953021
 reco_beam_PFP_michelScore_collection = 0.00383969
 reco_beam_allTrack_ID = 0
 reco_beam_allTrack_beam_cuts = 0
 reco_beam_allTrack_flipped = 1
 reco_beam_allTrack_len = 118.377
 reco_beam_allTrack_startX = -95.3011
 reco_beam_allTrack_startY = 381.776
 reco_beam_allTrack_startZ = 112.561
 reco_beam_allTrack_endX = -66.3438
 reco_beam_allTrack_endY = 436.686
 reco_beam_allTrack_endZ = 36.4395
 reco_beam_allTrack_trackDirX = 0.616706
 reco_beam_allTrack_trackDirY = 0.786477
 reco_beam_allTrack_trackDirZ = 0.033585
 reco_beam_allTrack_trackEndDirX = 0.501416
 reco_beam_allTrack_trackEndDirY = 0.719622
 reco_beam_allTrack_trackEndDirZ = -0.480339
 reco_beam_allTrack_resRange = (vector<double>*)0x37d0080
 reco_beam_allTrack_calibrated_dEdX = (vector<double>*)0x37d93f0
 reco_beam_allTrack_Chi2_proton = 10115.5
 reco_beam_allTrack_Chi2_ndof = 50
 reco_daughter_PFP_true_byHits_PDG = (vector<int>*)0x37f2540
 reco_daughter_PFP_true_byHits_ID = (vector<int>*)0x37fa6c0
 reco_daughter_PFP_true_byHits_origin = (vector<int>*)0x3802840
 reco_daughter_PFP_true_byHits_parID = (vector<int>*)0x380a9c0
 reco_daughter_PFP_true_byHits_parPDG = (vector<int>*)0x3812b40
 reco_daughter_PFP_true_byHits_process = (vector<string>*)0x381ba80
 reco_daughter_PFP_true_byHits_sharedHits = (vector<unsigned long>*)0x384ab00
 reco_daughter_PFP_true_byHits_emHits = (vector<unsigned long>*)0x23c0a90
 reco_daughter_PFP_true_byHits_len = (vector<double>*)0x2884970
 reco_daughter_PFP_true_byHits_startX = (vector<double>*)0x2887890
 reco_daughter_PFP_true_byHits_startY = (vector<double>*)0x28939c0
 reco_daughter_PFP_true_byHits_startZ = (vector<double>*)0x288d970
 reco_daughter_PFP_true_byHits_endX = (vector<double>*)0x24d4420
 reco_daughter_PFP_true_byHits_endY = (vector<double>*)0x2897d70
 reco_daughter_PFP_true_byHits_endZ = (vector<double>*)0x288b9c0
 reco_daughter_PFP_true_byHits_startPx = (vector<double>*)0x288e9b0
 reco_daughter_PFP_true_byHits_startPy = (vector<double>*)0x289ba00
 reco_daughter_PFP_true_byHits_startPz = (vector<double>*)0x288eb60
 reco_daughter_PFP_true_byHits_startP = (vector<double>*)0x2893810
 reco_daughter_PFP_true_byHits_startE = (vector<double>*)0x289cad0
 reco_daughter_PFP_true_byHits_endProcess = (vector<string>*)0x24d5fe0
 reco_daughter_PFP_true_byHits_purity = (vector<double>*)0x24d88c0
 reco_daughter_allTrack_ID = (vector<int>*)0x23c8110
 reco_daughter_allTrack_dEdX = (vector<vector<double> >*)0x398a710
 reco_daughter_allTrack_dQdX = (vector<vector<double> >*)0x38d9f90
 reco_daughter_allTrack_resRange = (vector<vector<double> >*)0x38dceb0
 reco_daughter_allTrack_dQdX_SCE = (vector<vector<double> >*)0x38d1b60
 reco_daughter_allTrack_dEdX_SCE = (vector<vector<double> >*)0x2891080
 reco_daughter_allTrack_resRange_SCE = (vector<vector<double> >*)0x289b180
 reco_daughter_allTrack_calibrated_dEdX = (vector<vector<double> >*)0x38d7790
 reco_daughter_allTrack_calibrated_dEdX_SCE = (vector<vector<double> >*)0x28f8e90
 reco_daughter_allTrack_Chi2_proton = (vector<double>*)0x28f8440
 reco_daughter_allTrack_Chi2_ndof = (vector<int>*)0x2886a10
 reco_daughter_allTrack_Chi2_proton_plane0 = (vector<double>*)0x2884d10
 reco_daughter_allTrack_Chi2_proton_plane1 = (vector<double>*)0x288adb0
 reco_daughter_allTrack_Chi2_ndof_plane0 = (vector<int>*)0x24cad00
 reco_daughter_allTrack_Chi2_ndof_plane1 = (vector<int>*)0x38daf30
 reco_daughter_allTrack_calibrated_dEdX_SCE_plane0 = (vector<vector<double> >*)0x28855f0
 reco_daughter_allTrack_calibrated_dEdX_SCE_plane1 = (vector<vector<double> >*)0x38d8cb0
 reco_daughter_allTrack_resRange_plane0 = (vector<vector<double> >*)0x38d7e40
 reco_daughter_allTrack_resRange_plane1 = (vector<vector<double> >*)0x24ca680
 reco_daughter_allTrack_Theta = (vector<double>*)0x38dadd0
 reco_daughter_allTrack_Phi = (vector<double>*)0x38da770
 reco_daughter_allTrack_len = (vector<double>*)0x28846c0
 reco_daughter_allTrack_startX = (vector<double>*)0x2896400
 reco_daughter_allTrack_startY = (vector<double>*)0x23c8fc0
 reco_daughter_allTrack_startZ = (vector<double>*)0x2893490
 reco_daughter_allTrack_endX = (vector<double>*)0x2886030
 reco_daughter_allTrack_endY = (vector<double>*)0x23bf9b0
 reco_daughter_allTrack_endZ = (vector<double>*)0x2ad23f0
 reco_daughter_allTrack_dR = (vector<double>*)0x28fbd50
 reco_daughter_allTrack_to_vertex = (vector<double>*)0x24d4cb0
 reco_daughter_allShower_ID = (vector<int>*)0x24d6db0
 reco_daughter_allShower_len = (vector<double>*)0x24d5c10
 reco_daughter_allShower_startX = (vector<double>*)0x2884990
 reco_daughter_allShower_startY = (vector<double>*)0x288b9e0
 reco_daughter_allShower_startZ = (vector<double>*)0x2895f50
 reco_daughter_allShower_dirX = (vector<double>*)0x2890d20
 reco_daughter_allShower_dirY = (vector<double>*)0x2895550
 reco_daughter_allShower_dirZ = (vector<double>*)0x28fa280
 reco_daughter_allShower_energy = (vector<double>*)0x38da4d0
 reco_daughter_PFP_ID = (vector<int>*)0x3986cc0
 reco_daughter_PFP_nHits = (vector<int>*)0x288f500
 reco_daughter_PFP_trackScore = (vector<double>*)0x3acc0e0
 reco_daughter_PFP_emScore = (vector<double>*)0x3ad4250
 reco_daughter_PFP_michelScore = (vector<double>*)0x3adc3c0
 reco_daughter_PFP_trackScore_collection = (vector<double>*)0x3ae4530
 reco_daughter_PFP_emScore_collection = (vector<double>*)0x3aec6b0
 reco_daughter_PFP_michelScore_collection = (vector<double>*)0x3af4830
 true_beam_PDG   = 0
 true_beam_ID    = 0
 true_beam_endProcess = 
 true_beam_endX  = 0
 true_beam_endY  = 0
 true_beam_endZ  = 0
 true_beam_startX = 0
 true_beam_startY = 0
 true_beam_startZ = 0
 true_beam_startPx = 0
 true_beam_startPy = 0
 true_beam_startPz = 0
 true_beam_startP = 0
 true_beam_endPx = 0
 true_beam_endPy = 0
 true_beam_endPz = 0
 true_beam_endP  = 0
 true_beam_startDirX = 0
 true_beam_startDirY = 0
 true_beam_startDirZ = 0
 true_beam_nElasticScatters = 0
 true_beam_elastic_costheta = (vector<double>*)0x3ba38c0
 true_beam_elastic_X = (vector<double>*)0x3baba30
 true_beam_elastic_Y = (vector<double>*)0x3bb3ba0
 true_beam_elastic_Z = (vector<double>*)0x3bbbd10
 true_beam_elastic_deltaE = (vector<double>*)0x3bc3e80
 true_beam_elastic_IDE_edep = (vector<double>*)0x3bcbff0
 true_beam_IDE_totalDep = 0
 true_beam_IDE_found_in_recoVtx = 0
 true_beam_nHits = -1
 true_beam_reco_byHits_PFP_ID = (vector<vector<int> >*)0x3bebcf0
 true_beam_reco_byHits_PFP_nHits = (vector<vector<int> >*)0x3bec390
 true_beam_reco_byHits_allTrack_ID = (vector<vector<int> >*)0x3bf4a50
 true_daughter_nPi0 = 0
 true_daughter_nPiPlus = 0
 true_daughter_nProton = 0
 true_daughter_nNeutron = 0
 true_daughter_nPiMinus = 0
 true_daughter_nNucleus = 0
 reco_beam_vertex_slice = 2147483647
 reco_beam_vertex_dRs = (vector<vector<double> >*)0x3c3c500
 reco_beam_vertex_hits_slices = (vector<int>*)0x3c44620
 true_beam_daughter_PDG = (vector<int>*)0x3c4c790
 true_beam_daughter_ID = (vector<int>*)0x3c54900
 true_beam_daughter_len = (vector<double>*)0x3c5ca70
 true_beam_daughter_startX = (vector<double>*)0x3c64be0
 true_beam_daughter_startY = (vector<double>*)0x3c6cd50
 true_beam_daughter_startZ = (vector<double>*)0x3c74ec0
 true_beam_daughter_startPx = (vector<double>*)0x3c7d030
 true_beam_daughter_startPy = (vector<double>*)0x3c851a0
 true_beam_daughter_startPz = (vector<double>*)0x3c8d310
 true_beam_daughter_startP = (vector<double>*)0x3c95480
 true_beam_daughter_endX = (vector<double>*)0x3c9d5f0
 true_beam_daughter_endY = (vector<double>*)0x3ca5760
 true_beam_daughter_endZ = (vector<double>*)0x3cad8d0
 true_beam_daughter_Process = (vector<string>*)0x3cb5a40
 true_beam_daughter_endProcess = (vector<string>*)0x3cbdbb0
 true_beam_daughter_nHits = (vector<int>*)0x3cc5d20
 true_beam_daughter_reco_byHits_PFP_ID = (vector<vector<int> >*)0x3ccdd60
 true_beam_daughter_reco_byHits_PFP_nHits = (vector<vector<int> >*)0x3cce1f0
 true_beam_daughter_reco_byHits_PFP_trackScore = (vector<vector<double> >*)0x3cd6160
 true_beam_daughter_reco_byHits_allTrack_ID = (vector<vector<int> >*)0x3ce6200
 true_beam_daughter_reco_byHits_allTrack_startX = (vector<vector<double> >*)0x3ce6390
 true_beam_daughter_reco_byHits_allTrack_startY = (vector<vector<double> >*)0x3cf6620
 true_beam_daughter_reco_byHits_allTrack_startZ = (vector<vector<double> >*)0x3cfe7a0
 true_beam_daughter_reco_byHits_allTrack_endX = (vector<vector<double> >*)0x3d06920
 true_beam_daughter_reco_byHits_allTrack_endY = (vector<vector<double> >*)0x3d0eaa0
 true_beam_daughter_reco_byHits_allTrack_endZ = (vector<vector<double> >*)0x3d16c20
 true_beam_daughter_reco_byHits_allTrack_len = (vector<vector<double> >*)0x3d1eda0
 true_beam_daughter_reco_byHits_allShower_ID = (vector<vector<int> >*)0x3d26df0
 true_beam_daughter_reco_byHits_allShower_startX = (vector<vector<double> >*)0x3d26f90
 true_beam_daughter_reco_byHits_allShower_startY = (vector<vector<double> >*)0x3d37220
 true_beam_daughter_reco_byHits_allShower_startZ = (vector<vector<double> >*)0x3d3f3a0
 true_beam_daughter_reco_byHits_allShower_len = (vector<vector<double> >*)0x3d47520
 true_beam_Pi0_decay_ID = (vector<int>*)0x3d4f6a0
 true_beam_Pi0_decay_parID = (vector<int>*)0x3d57810
 true_beam_Pi0_decay_PDG = (vector<int>*)0x3d5f980
 true_beam_Pi0_decay_startP = (vector<double>*)0x3d67af0
 true_beam_Pi0_decay_len = (vector<double>*)0x3d6fc60
 true_beam_Pi0_decay_nHits = (vector<int>*)0x3d77dd0
 true_beam_Pi0_decay_reco_byHits_PFP_ID = (vector<vector<int> >*)0x3d7fe10
 true_beam_Pi0_decay_reco_byHits_PFP_nHits = (vector<vector<int> >*)0x3d802a0
 true_beam_Pi0_decay_reco_byHits_PFP_trackScore = (vector<vector<double> >*)0x3d88210
 true_beam_Pi0_decay_reco_byHits_allTrack_ID = (vector<vector<int> >*)0x3d982b0
 true_beam_Pi0_decay_reco_byHits_allTrack_startX = (vector<vector<double> >*)0x3d98440
 true_beam_Pi0_decay_reco_byHits_allTrack_startY = (vector<vector<double> >*)0x3da86d0
 true_beam_Pi0_decay_reco_byHits_allTrack_startZ = (vector<vector<double> >*)0x3db0850
 true_beam_Pi0_decay_reco_byHits_allTrack_endX = (vector<vector<double> >*)0x3db89d0
 true_beam_Pi0_decay_reco_byHits_allTrack_endY = (vector<vector<double> >*)0x3dc0b50
 true_beam_Pi0_decay_reco_byHits_allTrack_endZ = (vector<vector<double> >*)0x3dc8cd0
 true_beam_Pi0_decay_reco_byHits_allTrack_len = (vector<vector<double> >*)0x3dd0e50
 true_beam_Pi0_decay_reco_byHits_allShower_ID = (vector<vector<int> >*)0x3dd8ea0
 true_beam_Pi0_decay_reco_byHits_allShower_startX = (vector<vector<double> >*)0x3dd9040
 true_beam_Pi0_decay_reco_byHits_allShower_startY = (vector<vector<double> >*)0x3de92e0
 true_beam_Pi0_decay_reco_byHits_allShower_startZ = (vector<vector<double> >*)0x3df1470
 true_beam_Pi0_decay_reco_byHits_allShower_len = (vector<vector<double> >*)0x3df9600
 true_beam_grand_daughter_ID = (vector<int>*)0x3e01780
 true_beam_grand_daughter_parID = (vector<int>*)0x3e098f0
 true_beam_grand_daughter_PDG = (vector<int>*)0x3e11a60
 true_beam_grand_daughter_nHits = (vector<int>*)0x3e19bd0
 true_beam_grand_daughter_Process = (vector<string>*)0x3e21d40
 true_beam_grand_daughter_endProcess = (vector<string>*)0x3e29ec0
 reco_beam_true_byE_endProcess = 
 reco_beam_true_byE_process = 
 reco_beam_true_byE_origin = -1
 reco_beam_true_byE_PDG = 0
 reco_beam_true_byE_ID = 0
 reco_beam_true_byHits_endProcess = 
 reco_beam_true_byHits_process = 
 reco_beam_true_byHits_origin = -1
 reco_beam_true_byHits_PDG = 0
 reco_beam_true_byHits_ID = 0
 reco_beam_true_byE_matched = 0
 reco_beam_true_byHits_matched = 0
 reco_beam_true_byHits_purity = 0
 true_beam_processes = (vector<string>*)0x3e995c0
 true_beam_process_slice = (vector<int>*)0x3ea1730
 true_beam_process_dSlice = (vector<int>*)0x3ea98a0
 true_beam_process_matched = (vector<int>*)0x3eb1a10
 data_BI_P       = 1.02693
 data_BI_X       = -25.2339
 data_BI_Y       = 417.239
 data_BI_Z       = 0
 data_BI_dirX    = -0.182474
 data_BI_dirY    = -0.198676
 data_BI_dirZ    = 0.962928
 data_BI_nFibersP1 = 1
 data_BI_nFibersP2 = 1
 data_BI_nFibersP3 = 1
 data_BI_PDG_candidates = (vector<int>*)0x3f08f90
 data_BI_nTracks = 2
 data_BI_nMomenta = 1
 quality_reco_view_0_hits_in_TPC5 = 0
 quality_reco_view_1_hits_in_TPC5 = 0
 quality_reco_view_2_hits_in_TPC5 = 0
 quality_reco_max_lateral = -999
 quality_reco_max_segment = -999
 quality_reco_view_0_max_segment = -999
 quality_reco_view_1_max_segment = -999
 quality_reco_view_2_max_segment = -999
 quality_reco_view_0_wire_backtrack = 0
 quality_reco_view_1_wire_backtrack = 0
 quality_reco_view_2_wire_backtrack = 0
 quality_reco_view_0_wire = (vector<double>*)0x3f783a0
 quality_reco_view_1_wire = (vector<double>*)0x3f787c0
 quality_reco_view_2_wire = (vector<double>*)0x3f78c20
 quality_reco_view_2_z = (vector<double>*)0x3f79040
 quality_reco_view_0_tick = (vector<double>*)0x3f79460
 quality_reco_view_1_tick = (vector<double>*)0x3f79880
 quality_reco_view_2_tick = (vector<double>*)0x3f79ce0
 reco_beam_Chi2_proton = 999
 reco_beam_Chi2_ndof = -1
 reco_beam_cosmic_candidate_lower_hits = (vector<double>*)0x3f7a4c0
 reco_beam_cosmic_candidate_upper_hits = (vector<double>*)0x3f7a930
 reco_beam_cosmic_candidate_ID = (vector<int>*)0x3f7ada0
 beam_has_cosmic_IDE = 0
 cosmic_has_beam_IDE = (vector<int>*)0x3f7b3e0
 n_cosmics_with_beam_IDE = -1
 reco_daughter_allTrack_momByRange_proton = (vector<double>*)0x3f7ba20
 reco_daughter_allTrack_momByRange_muon = (vector<double>*)0x3f7be90
 reco_beam_momByRange_proton = -999
 reco_beam_momByRange_muon = -999
 reco_beam_true_byE_endPx = 0
 reco_beam_true_byE_endPy = 0
 reco_beam_true_byE_endPz = 0
 reco_beam_true_byE_endE = 0
 reco_beam_true_byE_endP = 0
 reco_beam_true_byE_startPx = 0
 reco_beam_true_byE_startPy = 0
 reco_beam_true_byE_startPz = 0
 reco_beam_true_byE_startE = 0
 reco_beam_true_byE_startP = 0
 reco_beam_true_byHits_endPx = 0
 reco_beam_true_byHits_endPy = 0
 reco_beam_true_byHits_endPz = 0
 reco_beam_true_byHits_endE = 0
 reco_beam_true_byHits_endP = 0
 reco_beam_true_byHits_startPx = 0
 reco_beam_true_byHits_startPy = 0
 reco_beam_true_byHits_startPz = 0
 reco_beam_true_byHits_startE = 0
 reco_beam_true_byHits_startP = 0
 reco_beam_incidentEnergies = (vector<double>*)0x3f7ec40
 reco_beam_interactingEnergy = -999
 true_beam_incidentEnergies = (vector<double>*)0x3f7f240
 true_beam_interactingEnergy = -999
 true_beam_slices = (vector<int>*)0x3f7f880
 true_beam_slices_found = (vector<int>*)0x3f7fce0
 true_beam_slices_nIDEs = (vector<int>*)0x3f80140
 true_beam_slices_deltaE = (vector<double>*)0x40e9090
 new_true_beam_incidentEnergies = (vector<double>*)0x40f11b0
 new_true_beam_interactingEnergy = -999
 g4rw_primary_weights = (vector<double>*)0x4101210
 g4rw_primary_plus_sigma_weight = (vector<double>*)0x4109380
 g4rw_primary_minus_sigma_weight = (vector<double>*)0x41114f0
 g4rw_primary_var = (vector<string>*)0x4119660
 reco_beam_spacePts_X = (vector<double>*)0x41217d0
 reco_beam_spacePts_Y = (vector<double>*)0x4121bc0
 reco_beam_spacePts_Z = (vector<double>*)0x4122010
 reco_daughter_spacePts_X = (vector<vector<double> >*)0x4122400
 reco_daughter_spacePts_Y = (vector<vector<double> >*)0x4122860
 reco_daughter_spacePts_Z = (vector<vector<double> >*)0x4122cc0
 reco_daughter_shower_spacePts_X = (vector<vector<double> >*)0x4123120
 reco_daughter_shower_spacePts_Y = (vector<vector<double> >*)0x4123580
 reco_daughter_shower_spacePts_Z = (vector<vector<double> >*)0x41239e0
