
                
      PiPlus:
      no NdEdx cut,        kPiZero 0 fullsig 224.0 signal 38.0 all 152.0 purity 25.0% eff 17.0% ep 4.2%
      with NdEdx cut (6),  kPiZero 0 fullsig 224.0 signal 40.0 all 157.0 purity 25.5% eff 17.9% ep 4.5%
      with NdEdx cut (16), with ESC instead of chi2, kPiZero 0 fullsig 224.0 signal 32.0 all 97.0 purity 33.0% eff 14.3% ep 4.7%
      with NdEdx cut (16),                           kPiZero 0 fullsig 224.0 signal 34.0 all 103.0 purity 33.0% eff 15.2% ep 5.0%
      bug fix: moving proton in tracking counting:   kPiZero 0 fullsig 224.0 signal 34.0 all 103.0 purity 33.0% eff 15.2% ep 5.0%
      chi2 cut, no NdEdx cut:                        kPiZero 0 fullsig 224.0 signal 37.0 all 160.0 purity 23.1% eff 16.5% ep 3.8%
  (*) chi2, no NdEdx, cut nhits>40 for track:        kPiZero 0 fullsig 224.0 signal 37.0 all 109.0 purity 33.9% eff 16.5% ep 5.6%
      chi2, no NdEdx, nhits40track, trackSCore 0.3:  kPiZero 0 fullsig 224.0 signal 37.0 all 109.0 purity 33.9% eff 16.5% ep 5.6%
 

      
      PiZero:  
      no NdEdx cut,        kPiZero 1 fullsig 246.0 signal 31.0 all 60.0 purity 51.7% eff 12.6% ep 6.5%
      with NdEdx cut (16), kPiZero 1 fullsig 246.0 signal 9.0 all 10.0 purity 90.0% eff 3.7% ep 3.3%
      with NdEdx cut (6), chi2 instead of ESC, kPiZero 1 fullsig 246.0 signal 27.0 all 50.0 purity 54.0% eff 11.0% ep 5.9%
      with NdEdx cut (6),                      kPiZero 1 fullsig 246.0 signal 29.0 all 50.0 purity 58.0% eff 11.8% ep 6.8%
      bug fix: moving proton in tracking cou:  kPiZero 1 fullsig 246.0 signal 29.0 all 52.0 purity 55.8% eff 11.8% ep 6.6%
      use same chi2 cut as for PiPlus:         kPiZero 1 fullsig 246.0 signal 27.0 all 51.0 purity 52.9% eff 11.0% ep 5.8%
      chi2 cut, no NdEdx cut:                  kPiZero 1 fullsig 246.0 signal 32.0 all 67.0 purity 47.8% eff 13.0% ep 6.2%
  (*) chi2, no NdEdx, cut nhits>40 for track:  kPiZero 1 fullsig 246.0 signal 33.0 all 55.0 purity 60.0% eff 13.4% ep 8.0%
      chi2, no NdEdx, nhits40, trackSCore 0.3: kPiZero 1 fullsig 246.0 signal 30.0 all 47.0 purity 63.8% eff 12.2% ep 7.8%
 



//old initial MC, also wrong Score variables below: 

      PiPlus: nshower = 0, nproton=1 -> 75/218=34% in signal sample; 63/467 = 13% purity, 63/218 = 29% efficiency, p*e = 63*63/218/467 = 3.9%
      PiPlus: nshower = 0, nproton=1,  noly nhit<260 and startE3>9 and Chi2NDF<50 is proton, no pion-analysis pre-cuts! -> 61/380 = 16% 
      PiPlus: nshower = 0, nproton=1, ntrack = 2,  noly nhit<260 and startE3>9 and Chi2NDF<50 is proton, no pion-analysis pre-cuts! -> 44/191 = 23% purity, e*p = 44.*44./191./218. = 4.6%
      PiPlus: nshower = 0, nproton=1, ntrack = 2,  noly nhit<260 and startE3>9                is proton, no pion-analysis pre-cuts! -> 46/197 = 23% purity, slightly higher efficiency
      PiPlus: nshower = 0, nproton=1, ntrack = 2,  noly nhit<260 and startE3>9 (NdEdx>=4 instead of 3) is proton, no pion-analysis pre-cuts! -> 49/199 = 25%
      PiPlus: nshower = 0, nproton=1, ntrack = 2,  noly nhit<260 and startE3>9 (NdEdx>=5 instead of 3) is proton, no pion-analysis pre-cuts! -> 48/201 = 24%
      PiPlus: nshower = 0, nproton=1, ntrack = 2,  noly nhit<260 and startE3>9 (NdEdx>=6 instead of 3) is proton, no pion-analysis pre-cuts! -> 50/202 = 25%
      PiPlus: nshower = 0, nproton=1, ntrack = 2,  noly nhit<260 and startE3>9 (NdEdx>=7 instead of 3) is proton, no pion-analysis pre-cuts! -> 50/200 = 25%, e*p = 5.7%
      PiPlus: nshower = 0, nproton=1, ntrack = 2,  noly nhit<260 and startE3>9 (NdEdx>=8 instead of 3) is proton, no pion-analysis pre-cuts! -> 50/194 = 26%, e*p = 5.9%
      PiPlus: nshower = 0, nproton=1, ntrack = 2,  noly nhit<260 and startE3>9 (NdEdx>=9 instead of 3) is proton, no pion-analysis pre-cuts! -> 47/176 = 27%, e*p = 5.8%
      PiPlus: nshower = 0, nproton=1, ntrack = 2,  noly nhit<260 and startE3>9 (NdEdx>=10 instead of 3)is proton, no pion-analysis pre-cuts! -> 46/168 = 27%, e*p = 5.8%
      PiPlus: nshower = 0, nproton=1, ntrack = 2,  noly nhit<260 and startE3>9 (NdEdx>=13 instead of 3)is proton, no pion-analysis pre-cuts! -> 43/159 = 27%, e*p = 5.3%
      PiPlus: nshower = 0, nproton=1, ntrack = 2,  noly nhit<260 and startE3>9 (NdEdx>=14 instead of 3)is proton, no pion-analysis pre-cuts! -> 42/149 = 28%, e*p = 5.4%
      PiPlus: nshower = 0, nproton=1, ntrack = 2,  noly nhit<260 and startE3>9 (NdEdx>=15 instead of 3)is proton, no pion-analysis pre-cuts! -> 40/135 = 30%, e*p = 5.4%
      PiPlus: nshower = 0, nproton=1, ntrack = 2,  noly nhit<260 and startE3>9 (NdEdx>=17 instead of 3)is proton, no pion-analysis pre-cuts! -> 39/126 = 31%
      PiPlus: nshower = 0, nproton=1, ntrack = 2,  noly nhit<260 and startE3>9 (NdEdx>=20 instead of 3)is proton, no pion-analysis pre-cuts! -> 34/114 = 30%
      PiPlus: nshower = 0, nproton=1, ntrack = 2,  noly nhit<260 and startE3>9 (NdEdx>=25 instead of 3)is proton, no pion-analysis pre-cuts! -> 25/82 = 30%
      PiPlus: nshower = 0, nproton=1, ntrack = 2,  noly nhit<260 and startE3>9 (NdEdx>=30 instead of 3)is proton, no pion-analysis pre-cuts! -> 22/71 = 31%

      PiPlus: nshower = 0, nproton=1, ntrack = 2,  noly nhit<260 and chi2<20 (NdEdx>=16 instead of 3, no startE2, E3 cuts at all)is proton, no pion-analysis pre-cuts! -> 39/122 = 32%
      PiPlus: nshower = 0, nproton=1, ntrack = 2,  noly nhit<260 and chi2<23 (NdEdx>=16 instead of 3, no startE2, E3 cuts at all)is proton, no pion-analysis pre-cuts! -> 41/123 = 33%
      PiPlus: nshower = 0, nproton=1, ntrack = 2,  noly nhit<260 and chi2<25 (NdEdx>=16 instead of 3, no startE2, E3 cuts at all)is proton, no pion-analysis pre-cuts! -> 42/125 = 34%
      PiPlus: nshower = 0, nproton=1, ntrack = 2,  noly nhit<260 and chi2<30 (NdEdx>=16 instead of 3, no startE2, E3 cuts at all)is proton, no pion-analysis pre-cuts! -> 42/127 = 33%
      PiPlus: nshower = 0, nproton=1, ntrack = 2,  noly nhit<260 and chi2<35 (NdEdx>=16 instead of 3, no startE2, E3 cuts at all)is proton, no pion-analysis pre-cuts! -> 43/128 = 34%, e*p = 6.6%
      PiPlus: nshower = 0, nproton=1, ntrack = 2,  noly nhit<260 and chi2<40 (NdEdx>=16 instead of 3, no startE2, E3 cuts at all)is proton, no pion-analysis pre-cuts! -> 43/127 = 34%
      PiPlus: nshower = 0, nproton=1, ntrack = 2,  noly nhit<260 and chi2<60 (NdEdx>=16 instead of 3, no startE2, E3 cuts at all)is proton, no pion-analysis pre-cuts! -> 44/138 = 32%

      PiPlus: nshower = 0, nproton=1, ntrack = 2,  noly nhit<260 and startE3>9 (NdEdx>=16 instead of 3)is proton, no pion-analysis pre-cuts! -> 40/127 = 32%, e*p = 5.8%
      PiPlus: nshower = 0, nproton=1, ntrack = 2,  noly nhit<260 and chi2<50 (NdEdx>=16 instead of 3, no startE2, E3 cuts at all)is proton, HAS pion-analysis pre-cuts! -> 39/111 = 35%, e*p = 6.3%
      PiPlus: nshower = 0, nproton=1, ntrack = 2,  noly nhit<260 and chi2<50 (NdEdx>=16 instead of 3, no startE2, E3 cuts at all)is proton, no pion-analysis pre-cuts! -> 44/132 = 33%, e*p = 6.7%

      (*) PiPlus New Def:  2) p_lading 0.45-1, p_sl<0.45. PiPlus: nshower = 0, nproton=1, ntrack = 2,  noly nhit<260 and chi2<50 (NdEdx>=16 instead of 3, no startE2, E3 cuts at all)is proton, no pion-analysis pre-cuts! -> 43/132 = 33%, e*p = 43.*43./132./220. = 6.4%

      <-- //p_leading 0.45-1, p_sublieading < 0.45, no cut on pi+
      <-- //p-pi+: 220 events

      PiZero: nshower = 2, nmichel=0, nproton=1 -> 32/260=12% in signal sample; 27/68 = 40% purity, 27/260 = 10% efficiency, p*e = 27*27/68/260 = 4.1%
      PiZero: nshower = 2, nmichel=0, nproton=1, ntrack=1 -> ; 19/40 = 48% purity
      PiZero: nshower = 2, nmichel=0, nproton=1, ntrack=1, noly nhit<260 is proton -> 18/37=49% purity
      PiZero: nshower = 2, nmichel=0, nproton=1, ntrack=1, noly nhit<260 and startE3>9 is proton -> 18/32=56% purity, p*e = 18.*18./32./260. = 3.9%
      PiZero: nshower = 2, nmichel=0, nproton=1,           noly nhit<260 and startE3>9 is proton -> 21/47=45% purity -> so it is important to have ntrack=1

      PiZero: nshower = 2, nmichel=0, nproton=1, ntrack=1, noly nhit<260 and startE3>9 and Chi2NDF<50 is proton, no pion-analysis pre-cuts! -> 18/34 = 53% purity
      PiZero: nshower = 2, nmichel=0, nproton=1, ntrack=1, noly nhit<260 and startE3>9 is proton, no pion-analysis pre-cuts! -> 20/36=56% purity, eff*purity = 20.*20./36./260. = 4.3%
      PiZero: nshower = 2, nmichel=0, nproton=1, ntrack=1, noly nhit<260 and startE3>9 ( NdEdx>=4 instead of 3 ) is proton, no pion-analysis pre-cuts! -> 19/33=58%
      PiZero: nshower = 2, nmichel=0, nproton=1, ntrack=1, noly nhit<260 and startE3>9 ( NdEdx>=5 instead of 3 ) is proton, no pion-analysis pre-cuts! -> 21/34=62%
      PiZero: nshower = 2, nmichel=0, nproton=1, ntrack=1, noly nhit<260 and startE3>9 ( NdEdx>=7 instead of 3 ) is proton, no pion-analysis pre-cuts! -> 20/33=61%
      PiZero: nshower = 2, nmichel=0, nproton=1, ntrack=1, noly nhit<260 and startE3>9 ( NdEdx>=8 instead of 3 ) is proton, no pion-analysis pre-cuts! -> 19/31=61%, e*p = 4.5%
      PiZero: nshower = 2, nmichel=0, nproton=1, ntrack=1, noly nhit<260 and startE3>9 ( NdEdx>=10 instead of 3 )is proton, no pion-analysis pre-cuts! -> 13/20=65%, e*p = 3.3%
      PiZero: nshower = 2, nmichel=0, nproton=1, ntrack=1, noly nhit<260 and startE3>9 ( NdEdx>=20 instead of 3 )is proton, no pion-analysis pre-cuts! -> 9/10=90%,  e*p = 3.1%

      PiZero: nshower = 2, nmichel=0, nproton=1, ntrack=1, noly nhit<260 and chi2<25 ( NdEdx>=6 instead of 3 but no startE2,E3 at all) is proton, no pion-analysis pre-cuts! -> 20/33=61%
      PiZero: nshower = 2, nmichel=0, nproton=1, ntrack=1, noly nhit<260 and chi2<30 ( NdEdx>=6 instead of 3 but no startE2,E3 at all) is proton, no pion-analysis pre-cuts! -> 20/33=61%
      PiZero: nshower = 2, nmichel=0, nproton=1, ntrack=1, noly nhit<260 and chi2<35 ( NdEdx>=6 instead of 3 but no startE2,E3 at all) is proton, no pion-analysis pre-cuts! -> 20/34=59%

      PiZero: nshower = 2, nmichel=0, nproton=1, ntrack=1, noly nhit<260 and startE3>9 ( NdEdx>=6 instead of 3 ) is proton, HAS pion-analysis pre-cuts! -> 21/32=66%, e*p= 5.3%
      PiZero: nshower = 2, nmichel=0, nproton=1, ntrack=1, noly nhit<260 and startE3>9 ( NdEdx>=6 instead of 3 ) is proton, no pion-analysis pre-cuts! -> 22/35=63%, e*p = 5.3%

      (*) PiZero: nshower >= 2, nmichel=0, nproton=1, ntrack=1, noly nhit<260 and startE3>9 ( NdEdx>=6 instead of 3 ) is proton, no pion-analysis pre-cuts! -> 30/47=64%, e*p = 7.4%, eff = 30/260 = 12%, this is the SAME for both 1) p_leading>0.45, p_sl<0.45, p+>0.15 and 2) p_lading 0.45-1, p_sl<0.45. Eff*pur for new def 2) is 30.*30./47./242 = 7.9%
      
      <-- //p_leading 0.45-1, p_sublieading < 0.45, no cut on pi+
      <-- //p-pi0: 242 events
     
